loading tester/schema.csv
done
init complete
begin excecution
running cd ../
running python3 combinations.py
running ./run.sh
loading tester/schema.csv
done
init complete
begin excecution
running cd ../
running python3 combinations.py
running ./run.sh
loading tester/schema.csv
done
init complete
begin excecution
running cd ../
running python3 combinations.py
running ./run.sh
loading tester/schema.csv
done
init complete
begin excecution
running cd ../
running python3 combinations.py
running ./run.sh
loading tester/schema.csv
done
init complete
begin excecution
running cd ../
running python3 combinations.py
running ./run.sh
loading tester/schema.csv
done
init complete
begin excecution
running cd ../
running python3 combinations.py
running ./run.sh
loading tester/schema.csv
done
init complete
begin excecution
running cd ../
running python3 combinations.py
running ./run.sh
loading tester/schema.csv
done
init complete
begin excecution
running cd ../
running python3 combinations.py
running ./run.sh
loading tester/schema.csv
done
init complete
begin excecution
running cd ../
running python3 combinations.py
running ./run.sh
loading tester/schema.csv
done
init complete
begin excecution
running cd ../
running python3 combinations.py
running ./run.sh
loading tester/schema.csv
done
init complete
begin excecution
running cd ../
running python3 combinations.py
