\BOOKMARK [0][-]{chapter*.1}{Abstract}{}% 1
\BOOKMARK [0][-]{section*.2}{Table of Contents}{}% 2
\BOOKMARK [0][-]{section*.4}{List of Figures}{}% 3
\BOOKMARK [0][-]{section*.6}{List of Tables}{}% 4
\BOOKMARK [0][-]{chapter.1}{Introduction}{}% 5
\BOOKMARK [1][-]{section.1.1}{Morality}{chapter.1}% 6
\BOOKMARK [2][-]{subsection.1.1.1}{Interaction between two moral systems}{section.1.1}% 7
\BOOKMARK [2][-]{subsection.1.1.2}{Majority moral opinion}{section.1.1}% 8
\BOOKMARK [2][-]{subsection.1.1.3}{How morality changes}{section.1.1}% 9
\BOOKMARK [1][-]{section.1.2}{The state of current majority moral opinion}{chapter.1}% 10
\BOOKMARK [2][-]{subsection.1.2.1}{How is society improving?}{section.1.2}% 11
\BOOKMARK [2][-]{subsection.1.2.2}{How is society deteriorating?}{section.1.2}% 12
\BOOKMARK [1][-]{section.1.3}{Fallibilities and limitations of human decision making}{chapter.1}% 13
\BOOKMARK [2][-]{subsection.1.3.1}{Bias and Discrimination}{section.1.3}% 14
\BOOKMARK [2][-]{subsection.1.3.2}{Misinformation}{section.1.3}% 15
\BOOKMARK [2][-]{subsection.1.3.3}{Missing information}{section.1.3}% 16
\BOOKMARK [2][-]{subsection.1.3.4}{The scale of human computation}{section.1.3}% 17
\BOOKMARK [1][-]{section.1.4}{Alternative decision making algorithms}{chapter.1}% 18
\BOOKMARK [2][-]{subsection.1.4.1}{Deep learning}{section.1.4}% 19
\BOOKMARK [2][-]{subsection.1.4.2}{HTM}{section.1.4}% 20
\BOOKMARK [2][-]{subsection.1.4.3}{How to align intelligent systems with consensus moral beliefs}{section.1.4}% 21
\BOOKMARK [1][-]{section.1.5}{AI safety and responsibility}{chapter.1}% 22
\BOOKMARK [2][-]{subsection.1.5.1}{The "off button" problem}{section.1.5}% 23
\BOOKMARK [2][-]{subsection.1.5.2}{The paperclip problem}{section.1.5}% 24
\BOOKMARK [1][-]{section.1.6}{Project aims}{chapter.1}% 25
\BOOKMARK [0][-]{chapter.2}{Datastreams}{}% 26
\BOOKMARK [1][-]{section.2.1}{Sources of data}{chapter.2}% 27
\BOOKMARK [1][-]{section.2.2}{Binary conversion}{chapter.2}% 28
\BOOKMARK [1][-]{section.2.3}{Sparcity}{chapter.2}% 29
\BOOKMARK [1][-]{section.2.4}{Tandem data input}{chapter.2}% 30
\BOOKMARK [0][-]{chapter.3}{Combinations}{}% 31
\BOOKMARK [1][-]{section.3.1}{Classical combinatorics}{chapter.3}% 32
\BOOKMARK [1][-]{section.3.2}{The combination problem of scale}{chapter.3}% 33
\BOOKMARK [1][-]{section.3.3}{Slicing the combinations array}{chapter.3}% 34
\BOOKMARK [2][-]{subsection.3.3.1}{Combinations of combinations}{section.3.3}% 35
\BOOKMARK [0][-]{chapter.4}{Memory}{}% 36
\BOOKMARK [1][-]{section.4.1}{Persistance of activation}{chapter.4}% 37
\BOOKMARK [1][-]{section.4.2}{Edge contraction}{chapter.4}% 38
\BOOKMARK [1][-]{section.4.3}{Delay function}{chapter.4}% 39
\BOOKMARK [1][-]{section.4.4}{Transfer and Storage}{chapter.4}% 40
\BOOKMARK [1][-]{section.4.5}{Memory merging}{chapter.4}% 41
\BOOKMARK [0][-]{chapter.5}{Action}{}% 42
\BOOKMARK [1][-]{section.5.1}{How do we act}{chapter.5}% 43
\BOOKMARK [1][-]{section.5.2}{How do machines act}{chapter.5}% 44
\BOOKMARK [1][-]{section.5.3}{The random-pianist method}{chapter.5}% 45
\BOOKMARK [1][-]{section.5.4}{The Upgrade workflow}{chapter.5}% 46
\BOOKMARK [0][-]{chapter.6}{Runtime}{}% 47
\BOOKMARK [1][-]{section.6.1}{Chapter introduction}{chapter.6}% 48
\BOOKMARK [0][-]{chapter.7}{Testing}{}% 49
\BOOKMARK [1][-]{section.7.1}{Chapter introduction}{chapter.7}% 50
\BOOKMARK [1][-]{section.7.2}{Test 1 - Parrot}{chapter.7}% 51
\BOOKMARK [1][-]{section.7.3}{Test 2 - Mathematics}{chapter.7}% 52
\BOOKMARK [2][-]{subsection.7.3.1}{Addition}{section.7.3}% 53
\BOOKMARK [2][-]{subsection.7.3.2}{Modelling and the stock market}{section.7.3}% 54
\BOOKMARK [1][-]{section.7.4}{Test 3 - Natural language modelling}{chapter.7}% 55
\BOOKMARK [2][-]{subsection.7.4.1}{Text prediction}{section.7.4}% 56
\BOOKMARK [1][-]{section.7.5}{Test 4 - Sound signal processing}{chapter.7}% 57
\BOOKMARK [2][-]{subsection.7.5.1}{Voice recognition}{section.7.5}% 58
\BOOKMARK [1][-]{section.7.6}{Test 5 - Image classification}{chapter.7}% 59
\BOOKMARK [2][-]{subsection.7.6.1}{Breast cancer tissue classification}{section.7.6}% 60
\BOOKMARK [0][-]{chapter*.8}{References}{}% 61
\BOOKMARK [0][-]{chapter*.9}{Appendix}{}% 62
