\BOOKMARK [0][-]{chapter*.1}{Abstract}{}% 1
\BOOKMARK [0][-]{section*.2}{Table of Contents}{}% 2
\BOOKMARK [0][-]{section*.4}{Abbreviations}{}% 3
\BOOKMARK [0][-]{section*.5}{List of Figures}{}% 4
\BOOKMARK [0][-]{section*.7}{List of Tables}{}% 5
\BOOKMARK [0][-]{chapter.1}{Introduction}{}% 6
\BOOKMARK [1][-]{section.1.1}{Moral systems}{chapter.1}% 7
\BOOKMARK [2][-]{subsection.1.1.1}{Majority moral opinion}{section.1.1}% 8
\BOOKMARK [2][-]{subsection.1.1.2}{How morality changes over time}{section.1.1}% 9
\BOOKMARK [1][-]{section.1.2}{The aims of the upgrade}{chapter.1}% 10
\BOOKMARK [2][-]{subsection.1.2.1}{Core principles}{section.1.2}% 11
\BOOKMARK [2][-]{subsection.1.2.2}{How the upgrade aligns with current moral beliefs}{section.1.2}% 12
\BOOKMARK [2][-]{subsection.1.2.3}{Previous attempts to achieve these ends}{section.1.2}% 13
\BOOKMARK [1][-]{section.1.3}{AI saftey and responsibility}{chapter.1}% 14
\BOOKMARK [1][-]{section.1.4}{Probability of The Upgrade to succeed}{chapter.1}% 15
\BOOKMARK [1][-]{section.1.5}{Chapter abstracts}{chapter.1}% 16
\BOOKMARK [0][-]{chapter.2}{Bitarray datastreams}{}% 17
\BOOKMARK [1][-]{section.2.1}{Chapter introduction}{chapter.2}% 18
\BOOKMARK [1][-]{section.2.2}{Sources of data for The Upgrade}{chapter.2}% 19
\BOOKMARK [1][-]{section.2.3}{Binary conversion}{chapter.2}% 20
\BOOKMARK [1][-]{section.2.4}{Tandem data input}{chapter.2}% 21
\BOOKMARK [1][-]{section.2.5}{Time resolution}{chapter.2}% 22
\BOOKMARK [0][-]{chapter.3}{Combinations}{}% 23
\BOOKMARK [1][-]{section.3.1}{Chapter introduction}{chapter.3}% 24
\BOOKMARK [2][-]{subsection.3.1.1}{Classical combinatorics}{section.3.1}% 25
\BOOKMARK [2][-]{subsection.3.1.2}{The problem of scale}{section.3.1}% 26
\BOOKMARK [1][-]{section.3.2}{The combinations array}{chapter.3}% 27
\BOOKMARK [1][-]{section.3.3}{Slicing the combinations array}{chapter.3}% 28
\BOOKMARK [2][-]{subsection.3.3.1}{Combinations of combinations}{section.3.3}% 29
\BOOKMARK [1][-]{section.3.4}{Chapter summary}{chapter.3}% 30
\BOOKMARK [0][-]{chapter.4}{Memory}{}% 31
\BOOKMARK [1][-]{section.4.1}{Chapter introduction}{chapter.4}% 32
\BOOKMARK [1][-]{section.4.2}{Persistance of activation}{chapter.4}% 33
\BOOKMARK [1][-]{section.4.3}{Delay function}{chapter.4}% 34
\BOOKMARK [1][-]{section.4.4}{Transfer and Storage}{chapter.4}% 35
\BOOKMARK [1][-]{section.4.5}{Summary}{chapter.4}% 36
\BOOKMARK [0][-]{chapter.5}{Action}{}% 37
\BOOKMARK [1][-]{section.5.1}{Chapter introduction}{chapter.5}% 38
\BOOKMARK [1][-]{section.5.2}{The random-pianist method}{chapter.5}% 39
\BOOKMARK [1][-]{section.5.3}{Summary}{chapter.5}% 40
\BOOKMARK [0][-]{chapter.6}{Conclusion}{}% 41
\BOOKMARK [1][-]{section.6.1}{Chapter introduction}{chapter.6}% 42
\BOOKMARK [0][-]{chapter*.14}{References}{}% 43
\BOOKMARK [0][-]{chapter*.15}{Acknowledgements}{}% 44
\BOOKMARK [0][-]{chapter*.16}{Appendix}{}% 45
\BOOKMARK [1][-]{section.6.2}{Chapter introduction}{chapter*.16}% 46
