\BOOKMARK [0][-]{chapter*.1}{Abstract}{}% 1
\BOOKMARK [0][-]{section*.2}{Table of Contents}{}% 2
\BOOKMARK [0][-]{section*.4}{List of Figures}{}% 3
\BOOKMARK [0][-]{section*.6}{List of Tables}{}% 4
\BOOKMARK [0][-]{chapter.1}{Introduction}{}% 5
\BOOKMARK [1][-]{section.1.1}{Morality}{chapter.1}% 6
\BOOKMARK [2][-]{subsection.1.1.1}{Majority moral opinion}{section.1.1}% 7
\BOOKMARK [2][-]{subsection.1.1.2}{How morality changes over time}{section.1.1}% 8
\BOOKMARK [2][-]{subsection.1.1.3}{The current state of moral opinion}{section.1.1}% 9
\BOOKMARK [1][-]{section.1.2}{Progress}{chapter.1}% 10
\BOOKMARK [2][-]{subsection.1.2.1}{How is society improving?}{section.1.2}% 11
\BOOKMARK [2][-]{subsection.1.2.2}{How is society deteriorating?}{section.1.2}% 12
\BOOKMARK [1][-]{section.1.3}{The fallibility of human decision making}{chapter.1}% 13
\BOOKMARK [2][-]{subsection.1.3.1}{Bias}{section.1.3}% 14
\BOOKMARK [2][-]{subsection.1.3.2}{Misinformation}{section.1.3}% 15
\BOOKMARK [2][-]{subsection.1.3.3}{Missing information}{section.1.3}% 16
\BOOKMARK [1][-]{section.1.4}{Alternative decision making algorithms}{chapter.1}% 17
\BOOKMARK [2][-]{subsection.1.4.1}{Deep learning}{section.1.4}% 18
\BOOKMARK [2][-]{subsection.1.4.2}{HTM}{section.1.4}% 19
\BOOKMARK [2][-]{subsection.1.4.3}{How to align intelligent systems with consensus moral beliefs}{section.1.4}% 20
\BOOKMARK [1][-]{section.1.5}{AI saftey and responsibility}{chapter.1}% 21
\BOOKMARK [2][-]{subsection.1.5.1}{Is AI a threat to mankind?}{section.1.5}% 22
\BOOKMARK [2][-]{subsection.1.5.2}{}{section.1.5}% 23
\BOOKMARK [1][-]{section.1.6}{The aims of The Upgrade}{chapter.1}% 24
\BOOKMARK [2][-]{subsection.1.6.1}{Probability of The Upgrade to succeed}{section.1.6}% 25
\BOOKMARK [0][-]{chapter*.8}{Acknowledgements}{}% 26
