\BOOKMARK [0][-]{chapter*.1}{Abstract}{}% 1
\BOOKMARK [0][-]{section*.2}{Table of Contents}{}% 2
\BOOKMARK [0][-]{section*.4}{List of Figures}{}% 3
\BOOKMARK [0][-]{section*.6}{List of Tables}{}% 4
\BOOKMARK [0][-]{chapter.1}{Introduction}{}% 5
\BOOKMARK [1][-]{section.1.1}{Morality}{chapter.1}% 6
\BOOKMARK [2][-]{subsection.1.1.1}{Majority moral opinion}{section.1.1}% 7
\BOOKMARK [2][-]{subsection.1.1.2}{How morality changes}{section.1.1}% 8
\BOOKMARK [1][-]{section.1.2}{Progress}{chapter.1}% 9
\BOOKMARK [2][-]{subsection.1.2.1}{How is society improving?}{section.1.2}% 10
\BOOKMARK [2][-]{subsection.1.2.2}{How is society deteriorating?}{section.1.2}% 11
\BOOKMARK [1][-]{section.1.3}{The fallibility of human decision making}{chapter.1}% 12
\BOOKMARK [2][-]{subsection.1.3.1}{Bias}{section.1.3}% 13
\BOOKMARK [2][-]{subsection.1.3.2}{Misinformation}{section.1.3}% 14
\BOOKMARK [2][-]{subsection.1.3.3}{Missing information}{section.1.3}% 15
\BOOKMARK [1][-]{section.1.4}{Alternative decision making algorithms}{chapter.1}% 16
\BOOKMARK [2][-]{subsection.1.4.1}{Deep learning}{section.1.4}% 17
\BOOKMARK [2][-]{subsection.1.4.2}{HTM}{section.1.4}% 18
\BOOKMARK [2][-]{subsection.1.4.3}{How to align intelligent systems with consensus moral beliefs}{section.1.4}% 19
\BOOKMARK [1][-]{section.1.5}{AI saftey and responsibility}{chapter.1}% 20
\BOOKMARK [2][-]{subsection.1.5.1}{The "off button" problem}{section.1.5}% 21
\BOOKMARK [2][-]{subsection.1.5.2}{The paperclip problem}{section.1.5}% 22
\BOOKMARK [1][-]{section.1.6}{Project aims}{chapter.1}% 23
\BOOKMARK [0][-]{chapter.2}{Datastreams}{}% 24
\BOOKMARK [1][-]{section.2.1}{Sources of data}{chapter.2}% 25
\BOOKMARK [1][-]{section.2.2}{Binary conversion}{chapter.2}% 26
\BOOKMARK [1][-]{section.2.3}{Sparcity}{chapter.2}% 27
\BOOKMARK [1][-]{section.2.4}{Tandem data input}{chapter.2}% 28
\BOOKMARK [0][-]{chapter.3}{Combinations}{}% 29
\BOOKMARK [1][-]{section.3.1}{Classical combinatorics}{chapter.3}% 30
\BOOKMARK [1][-]{section.3.2}{The combination problem of scale}{chapter.3}% 31
\BOOKMARK [1][-]{section.3.3}{The combinations array}{chapter.3}% 32
\BOOKMARK [1][-]{section.3.4}{Slicing the combinations array}{chapter.3}% 33
\BOOKMARK [2][-]{subsection.3.4.1}{Combinations of combinations}{section.3.4}% 34
\BOOKMARK [0][-]{chapter.4}{Memory}{}% 35
\BOOKMARK [1][-]{section.4.1}{Persistance of activation}{chapter.4}% 36
\BOOKMARK [1][-]{section.4.2}{Edge contraction}{chapter.4}% 37
\BOOKMARK [1][-]{section.4.3}{Delay function}{chapter.4}% 38
\BOOKMARK [1][-]{section.4.4}{Transfer and Storage}{chapter.4}% 39
\BOOKMARK [1][-]{section.4.5}{Mind meld}{chapter.4}% 40
\BOOKMARK [0][-]{chapter.5}{Action}{}% 41
\BOOKMARK [1][-]{section.5.1}{How do we act}{chapter.5}% 42
\BOOKMARK [1][-]{section.5.2}{How do machines act}{chapter.5}% 43
\BOOKMARK [1][-]{section.5.3}{The random-pianist method}{chapter.5}% 44
\BOOKMARK [0][-]{chapter.6}{Runtime}{}% 45
\BOOKMARK [1][-]{section.6.1}{Chapter introduction}{chapter.6}% 46
\BOOKMARK [0][-]{chapter.7}{Testing}{}% 47
\BOOKMARK [1][-]{section.7.1}{Chapter introduction}{chapter.7}% 48
\BOOKMARK [1][-]{section.7.2}{Test 1 - Mathematics}{chapter.7}% 49
\BOOKMARK [2][-]{subsection.7.2.1}{Addition}{section.7.2}% 50
\BOOKMARK [1][-]{section.7.3}{Test 2 - Natural language modelling}{chapter.7}% 51
\BOOKMARK [2][-]{subsection.7.3.1}{Text prediction}{section.7.3}% 52
\BOOKMARK [1][-]{section.7.4}{Test 3 - Signal processing}{chapter.7}% 53
\BOOKMARK [2][-]{subsection.7.4.1}{Voice recognition}{section.7.4}% 54
\BOOKMARK [1][-]{section.7.5}{Test 4 - Image classification}{chapter.7}% 55
\BOOKMARK [2][-]{subsection.7.5.1}{Medical diagnosis}{section.7.5}% 56
\BOOKMARK [0][-]{chapter*.8}{References}{}% 57
\BOOKMARK [0][-]{chapter*.9}{Appendix}{}% 58
\BOOKMARK [1][-]{section.7.6}{Chapter introduction}{chapter*.9}% 59
